[23Jul2025 00:02:50.121] [Server thread/INFO] [net.minecraft.server.MinecraftServer/]: Rodjes7 has made the advancement [Life turned out to be a comedy]
[23Jul2025 00:04:04.566] [pool-8-thread-1/INFO] [Supplementaries/]: Searching for closest structure among [ResourceKey[minecraft:worldgen/structure / towns_and_towers:village_old_growth_taiga], ResourceKey[minecraft:worldgen/structure / towns_and_towers:village_swamp], ResourceKey[minecraft:worldgen/structure / minecraft:village_taiga], ResourceKey[minecraft:worldgen/structure / towns_and_towers:village_grove], ResourceKey[minecraft:worldgen/structure / towns_and_towers:village_ocean], ResourceKey[minecraft:worldgen/structure / minecraft:village_desert], ResourceKey[minecraft:worldgen/structure / idas:bearclaw_inn], ResourceKey[minecraft:worldgen/structure / towns_and_towers:village_snowy_taiga]] from pos BlockPos{x=635, y=79, z=43}
[23Jul2025 00:04:06.395] [Server thread/WARN] [net.minecraft.world.level.chunk.LevelChunk/]: Tried to load a DUMMY block entity @ BlockPos{x=635, y=79, z=43} but found not block entity block Block{minecraft:air} at location
[23Jul2025 00:04:06.396] [Server thread/WARN] [net.minecraft.world.level.chunk.LevelChunk/]: Tried to load a block entity for block Block{minecraft:air} but failed at location BlockPos{x=635, y=79, z=43}
[23Jul2025 00:06:04.011] [Worker-Main-1/WARN] [net.minecraft.world.entity.EntityType/]: Skipping Entity with id 
[23Jul2025 00:06:04.012] [Worker-Main-1/WARN] [net.minecraft.world.entity.EntityType/]: Skipping Entity with id 
[23Jul2025 00:06:04.025] [Worker-Main-11/WARN] [net.minecraft.world.entity.EntityType/]: Skipping Entity with id 
[23Jul2025 00:07:29.882] [Server thread/INFO] [net.minecraft.server.MinecraftServer/]: LordZand is bleeding. LordZand was slain by Corpse Fly
[23Jul2025 00:07:41.396] [Server thread/INFO] [net.minecraft.server.MinecraftServer/]: LordZand was slain by Corpse Fly
[23Jul2025 00:07:41.397] [Server thread/INFO] [Enigmatic Legacy/INFO]: Summoned Extradimensional Storage Crystal for LordZand at X: -494.5088107959661, Y: -23.0, Z: -288.6191363614596
[23Jul2025 00:07:44.997] [Server thread/INFO] [Enigmatic Legacy/INFO]: Player LordZand picking up: PermanentItemEntity['Extradimensional Vessel'/40977, l='ServerLevel[world]', x=-494.51, y=-21.50, z=-288.62]
[23Jul2025 00:07:44.997] [Server thread/WARN] [Enigmatic Legacy/WARNING]: [WARN] Removing Permanent Item Entity: PermanentItemEntity['Extradimensional Vessel'/40977, l='ServerLevel[world]', x=-494.51, y=-21.50, z=-288.62]
[23Jul2025 00:07:52.093] [Server thread/INFO] [net.minecraft.server.network.ServerGamePacketListenerImpl/]: Rodjes7 lost connection: Disconnected
[23Jul2025 00:07:52.094] [Server thread/INFO] [net.minecraft.server.MinecraftServer/]: Rodjes7 left the game
[23Jul2025 00:08:31.438] [Server thread/INFO] [net.minecraft.server.MinecraftServer/]: LordZand has made the advancement [Cover Me with Diamonds]
[23Jul2025 00:11:05.327] [Server thread/INFO] [net.minecraft.server.MinecraftServer/]: LordZand has made the advancement [Warped]
[23Jul2025 00:11:06.177] [Server thread/INFO] [net.minecraft.server.MinecraftServer/]: ALANBRE has made the advancement [It All Looks Delicious]
[23Jul2025 00:11:14.679] [Server thread/INFO] [net.minecraft.server.MinecraftServer/]: LordZand has made the advancement [Perfectly Balanced]
[23Jul2025 00:11:47.298] [Server thread/INFO] [net.minecraft.server.players.PlayerList/]: Rodjes7[/10.147.18.237:63804] logged in with entity id 42685 at (-339.69999998807907, -50.0, -21.300093968234343)
[23Jul2025 00:11:47.316] [Server thread/INFO] [net.minecraft.server.MinecraftServer/]: Rodjes7 joined the game
[23Jul2025 00:11:47.338] [Server thread/INFO] [se.mickelus.tetra.data.DataManager/]: Sending data to client: Rodjes7
[23Jul2025 00:11:47.379] [Server thread/INFO] [Enigmatic Legacy/INFO]: Synchronizing omniconfig files to Rodjes7...
[23Jul2025 00:11:47.379] [Server thread/INFO] [Enigmatic Legacy/INFO]: Sending data for enigmaticlegacy-common.omniconf
[23Jul2025 00:11:47.380] [Server thread/INFO] [Enigmatic Legacy/INFO]: Granting starter gear to Rodjes7
[23Jul2025 00:15:32.397] [Server thread/INFO] [net.minecraft.server.MinecraftServer/]: LordZand has made the advancement [Chest Slayer]
[23Jul2025 00:15:33.545] [Server thread/INFO] [net.minecraft.server.MinecraftServer/]: LordZand has made the advancement [Amateur Archaeologist]
[23Jul2025 00:17:32.491] [Server thread/INFO] [net.minecraft.server.MinecraftServer/]: LordZand is bleeding. LordZand suffocated in a wall
[23Jul2025 00:17:37.992] [Server thread/INFO] [net.minecraft.server.MinecraftServer/]: LordZand suffocated in a wall
[23Jul2025 00:17:37.993] [Server thread/INFO] [Enigmatic Legacy/INFO]: Summoned Extradimensional Storage Crystal for LordZand at X: -525.3000000119209, Y: 5.0, Z: -126.69999998807907
